{"/Users/thinhquoc/Desktop/Persional/second-brain/src/storages/db.ts": {"path":"/Users/thinhquoc/Desktop/Persional/second-brain/src/storages/db.ts","statementMap":{"0":{"start":{"line":11,"column":11},"end":{"line":11,"column":null}},"1":{"start":{"line":16,"column":0},"end":{"line":18,"column":null}},"2":{"start":{"line":20,"column":28},"end":{"line":46,"column":null}},"3":{"start":{"line":25,"column":4},"end":{"line":29,"column":null}},"4":{"start":{"line":36,"column":19},"end":{"line":36,"column":null}},"5":{"start":{"line":37,"column":4},"end":{"line":37,"column":null}},"6":{"start":{"line":44,"column":4},"end":{"line":44,"column":null}}},"fnMap":{"0":{"name":"(anonymous_0)","decl":{"start":{"line":24,"column":14},"end":{"line":24,"column":21}},"loc":{"start":{"line":24,"column":74},"end":{"line":30,"column":null}},"line":24},"1":{"name":"(anonymous_1)","decl":{"start":{"line":35,"column":13},"end":{"line":35,"column":73}},"loc":{"start":{"line":35,"column":73},"end":{"line":38,"column":null}},"line":35},"2":{"name":"(anonymous_2)","decl":{"start":{"line":43,"column":14},"end":{"line":43,"column":41}},"loc":{"start":{"line":43,"column":41},"end":{"line":45,"column":null}},"line":43}},"branchMap":{},"s":{"0":2,"1":2,"2":2,"3":4,"4":1,"5":1,"6":7},"f":{"0":4,"1":1,"2":7},"b":{},"meta":{"lastBranch":0,"lastFunction":3,"lastStatement":7,"seen":{"s:11:11:11:Infinity":0,"s:16:0:18:Infinity":1,"s:20:28:46:Infinity":2,"f:24:14:24:21":0,"s:25:4:29:Infinity":3,"f:35:13:35:73":1,"s:36:19:36:Infinity":4,"s:37:4:37:Infinity":5,"f:43:14:43:41":2,"s:44:4:44:Infinity":6},"fnNames":{}}}
,"/Users/thinhquoc/Desktop/Persional/second-brain/src/storages/fs-wrapper.ts": {"path":"/Users/thinhquoc/Desktop/Persional/second-brain/src/storages/fs-wrapper.ts","statementMap":{"0":{"start":{"line":17,"column":4},"end":{"line":25,"column":null}},"1":{"start":{"line":18,"column":6},"end":{"line":24,"column":null}},"2":{"start":{"line":27,"column":4},"end":{"line":58,"column":null}},"3":{"start":{"line":29,"column":21},"end":{"line":29,"column":null}},"4":{"start":{"line":32,"column":6},"end":{"line":32,"column":null}},"5":{"start":{"line":34,"column":6},"end":{"line":37,"column":null}},"6":{"start":{"line":40,"column":6},"end":{"line":48,"column":null}},"7":{"start":{"line":41,"column":8},"end":{"line":47,"column":null}},"8":{"start":{"line":51,"column":6},"end":{"line":57,"column":null}},"9":{"start":{"line":65,"column":4},"end":{"line":65,"column":null}},"10":{"start":{"line":73,"column":4},"end":{"line":81,"column":null}},"11":{"start":{"line":74,"column":6},"end":{"line":80,"column":null}},"12":{"start":{"line":76,"column":8},"end":{"line":76,"column":null}},"13":{"start":{"line":77,"column":13},"end":{"line":80,"column":null}},"14":{"start":{"line":79,"column":8},"end":{"line":79,"column":null}}},"fnMap":{"0":{"name":"openVault","decl":{"start":{"line":15,"column":8},"end":{"line":15,"column":46}},"loc":{"start":{"line":15,"column":46},"end":{"line":59,"column":null}},"line":15},"1":{"name":"getCachedVaultHandle","decl":{"start":{"line":64,"column":8},"end":{"line":64,"column":79}},"loc":{"start":{"line":64,"column":79},"end":{"line":66,"column":null}},"line":64},"2":{"name":"scanMarkdownFiles","decl":{"start":{"line":72,"column":9},"end":{"line":72,"column":27}},"loc":{"start":{"line":72,"column":103},"end":{"line":82,"column":null}},"line":72}},"branchMap":{"0":{"loc":{"start":{"line":17,"column":4},"end":{"line":25,"column":null}},"type":"if","locations":[{"start":{"line":17,"column":4},"end":{"line":25,"column":null}},{"start":{},"end":{}}],"line":17},"1":{"loc":{"start":{"line":17,"column":8},"end":{"line":17,"column":77}},"type":"binary-expr","locations":[{"start":{"line":17,"column":8},"end":{"line":17,"column":41}},{"start":{"line":17,"column":41},"end":{"line":17,"column":77}}],"line":17},"2":{"loc":{"start":{"line":40,"column":6},"end":{"line":48,"column":null}},"type":"if","locations":[{"start":{"line":40,"column":6},"end":{"line":48,"column":null}},{"start":{},"end":{}}],"line":40},"3":{"loc":{"start":{"line":40,"column":10},"end":{"line":40,"column":89}},"type":"binary-expr","locations":[{"start":{"line":40,"column":10},"end":{"line":40,"column":42}},{"start":{"line":40,"column":42},"end":{"line":40,"column":71}},{"start":{"line":40,"column":71},"end":{"line":40,"column":89}}],"line":40},"4":{"loc":{"start":{"line":55,"column":19},"end":{"line":55,"column":null}},"type":"cond-expr","locations":[{"start":{"line":55,"column":42},"end":{"line":55,"column":56}},{"start":{"line":55,"column":56},"end":{"line":55,"column":null}}],"line":55},"5":{"loc":{"start":{"line":74,"column":6},"end":{"line":80,"column":null}},"type":"if","locations":[{"start":{"line":74,"column":6},"end":{"line":80,"column":null}},{"start":{"line":77,"column":13},"end":{"line":80,"column":null}}],"line":74},"6":{"loc":{"start":{"line":74,"column":10},"end":{"line":74,"column":63}},"type":"binary-expr","locations":[{"start":{"line":74,"column":10},"end":{"line":74,"column":35}},{"start":{"line":74,"column":35},"end":{"line":74,"column":63}}],"line":74},"7":{"loc":{"start":{"line":77,"column":13},"end":{"line":80,"column":null}},"type":"if","locations":[{"start":{"line":77,"column":13},"end":{"line":80,"column":null}},{"start":{},"end":{}}],"line":77}},"s":{"0":7,"1":1,"2":6,"3":6,"4":4,"5":4,"6":2,"7":1,"8":1,"9":1,"10":4,"11":5009,"12":5006,"13":3,"14":0},"f":{"0":7,"1":1,"2":4},"b":{"0":[1,6],"1":[7,7],"2":[1,1],"3":[2,1,0],"4":[1,0],"5":[5006,3],"6":[5009,5009],"7":[0,3]},"meta":{"lastBranch":8,"lastFunction":3,"lastStatement":15,"seen":{"f:15:8:15:46":0,"b:17:4:25:Infinity:undefined:undefined:undefined:undefined":0,"s:17:4:25:Infinity":0,"b:17:8:17:41:17:41:17:77":1,"s:18:6:24:Infinity":1,"s:27:4:58:Infinity":2,"s:29:21:29:Infinity":3,"s:32:6:32:Infinity":4,"s:34:6:37:Infinity":5,"b:40:6:48:Infinity:undefined:undefined:undefined:undefined":2,"s:40:6:48:Infinity":6,"b:40:10:40:42:40:42:40:71:40:71:40:89":3,"s:41:8:47:Infinity":7,"s:51:6:57:Infinity":8,"b:55:42:55:56:55:56:55:Infinity":4,"f:64:8:64:79":1,"s:65:4:65:Infinity":9,"f:72:9:72:27":2,"s:73:4:81:Infinity":10,"b:74:6:80:Infinity:77:13:80:Infinity":5,"s:74:6:80:Infinity":11,"b:74:10:74:35:74:35:74:63":6,"s:76:8:76:Infinity":12,"b:77:13:80:Infinity:undefined:undefined:undefined:undefined":7,"s:77:13:80:Infinity":13,"s:79:8:79:Infinity":14},"fnNames":{}}}
,"/Users/thinhquoc/Desktop/Persional/second-brain/src/workers/parser.ts": {"path":"/Users/thinhquoc/Desktop/Persional/second-brain/src/workers/parser.ts","statementMap":{"0":{"start":{"line":3,"column":13},"end":{"line":35,"column":null}},"1":{"start":{"line":5,"column":23},"end":{"line":5,"column":null}},"2":{"start":{"line":8,"column":21},"end":{"line":8,"column":null}},"3":{"start":{"line":9,"column":16},"end":{"line":9,"column":null}},"4":{"start":{"line":12,"column":19},"end":{"line":12,"column":null}},"5":{"start":{"line":13,"column":20},"end":{"line":13,"column":null}},"6":{"start":{"line":15,"column":2},"end":{"line":18,"column":null}},"7":{"start":{"line":16,"column":23},"end":{"line":16,"column":null}},"8":{"start":{"line":17,"column":4},"end":{"line":17,"column":null}},"9":{"start":{"line":21,"column":18},"end":{"line":21,"column":null}},"10":{"start":{"line":22,"column":19},"end":{"line":22,"column":null}},"11":{"start":{"line":24,"column":2},"end":{"line":26,"column":null}},"12":{"start":{"line":25,"column":4},"end":{"line":25,"column":null}},"13":{"start":{"line":28,"column":2},"end":{"line":34,"column":null}}},"fnMap":{"0":{"name":"(anonymous_0)","decl":{"start":{"line":3,"column":13},"end":{"line":3,"column":38}},"loc":{"start":{"line":3,"column":108},"end":{"line":35,"column":null}},"line":3}},"branchMap":{"0":{"loc":{"start":{"line":3,"column":73},"end":{"line":3,"column":108}},"type":"default-arg","locations":[{"start":{"line":3,"column":88},"end":{"line":3,"column":108}}],"line":3},"1":{"loc":{"start":{"line":9,"column":16},"end":{"line":9,"column":null}},"type":"cond-expr","locations":[{"start":{"line":9,"column":29},"end":{"line":9,"column":52}},{"start":{"line":9,"column":52},"end":{"line":9,"column":null}}],"line":9}},"s":{"0":2,"1":5004,"2":5004,"3":5004,"4":5004,"5":5004,"6":5004,"7":30004,"8":30004,"9":5004,"10":5004,"11":5004,"12":25003,"13":5004},"f":{"0":5004},"b":{"0":[5004],"1":[5003,1]},"meta":{"lastBranch":2,"lastFunction":1,"lastStatement":14,"seen":{"s:3:13:35:Infinity":0,"f:3:13:3:38":0,"b:3:88:3:108":0,"s:5:23:5:Infinity":1,"s:8:21:8:Infinity":2,"s:9:16:9:Infinity":3,"b:9:29:9:52:9:52:9:Infinity":1,"s:12:19:12:Infinity":4,"s:13:20:13:Infinity":5,"s:15:2:18:Infinity":6,"s:16:23:16:Infinity":7,"s:17:4:17:Infinity":8,"s:21:18:21:Infinity":9,"s:22:19:22:Infinity":10,"s:24:2:26:Infinity":11,"s:25:4:25:Infinity":12,"s:28:2:34:Infinity":13},"fnNames":{}}}
,"/Users/thinhquoc/Desktop/Persional/second-brain/src/workers/types.ts": {"path":"/Users/thinhquoc/Desktop/Persional/second-brain/src/workers/types.ts","statementMap":{},"fnMap":{},"branchMap":{},"s":{},"f":{},"b":{},"meta":{"lastBranch":0,"lastFunction":0,"lastStatement":0,"seen":{},"fnNames":{}}}
}
