{"/Users/thinhquoc/Desktop/Persional/second-brain/src/components/Editor/CodeMirrorEditor.tsx": {"path":"/Users/thinhquoc/Desktop/Persional/second-brain/src/components/Editor/CodeMirrorEditor.tsx","statementMap":{"0":{"start":{"line":15,"column":29},"end":{"line":78,"column":2}},"1":{"start":{"line":19,"column":4},"end":{"line":63,"column":null}},"2":{"start":{"line":21,"column":31},"end":{"line":36,"column":null}},"3":{"start":{"line":22,"column":12},"end":{"line":35,"column":null}},"4":{"start":{"line":23,"column":33},"end":{"line":23,"column":null}},"5":{"start":{"line":26,"column":16},"end":{"line":26,"column":null}},"6":{"start":{"line":29,"column":29},"end":{"line":29,"column":null}},"7":{"start":{"line":30,"column":42},"end":{"line":30,"column":null}},"8":{"start":{"line":32,"column":16},"end":{"line":34,"column":null}},"9":{"start":{"line":33,"column":20},"end":{"line":33,"column":null}},"10":{"start":{"line":39,"column":22},"end":{"line":53,"column":null}},"11":{"start":{"line":56,"column":8},"end":{"line":59,"column":null}},"12":{"start":{"line":62,"column":8},"end":{"line":62,"column":null}},"13":{"start":{"line":65,"column":4},"end":{"line":69,"column":null}},"14":{"start":{"line":66,"column":8},"end":{"line":68,"column":null}},"15":{"start":{"line":67,"column":12},"end":{"line":67,"column":null}},"16":{"start":{"line":71,"column":4},"end":{"line":73,"column":null}},"17":{"start":{"line":71,"column":4},"end":{"line":71,"column":null}},"18":{"start":{"line":73,"column":17},"end":{"line":73,"column":29}},"19":{"start":{"line":73,"column":29},"end":{"line":73,"column":null}},"20":{"start":{"line":78,"column":2},"end":{"line":78,"column":null}}},"fnMap":{"0":{"name":"(anonymous_0)","decl":{"start":{"line":15,"column":29},"end":{"line":15,"column":33}},"loc":{"start":{"line":15,"column":66},"end":{"line":78,"column":1}},"line":15},"1":{"name":"(anonymous_1)","decl":{"start":{"line":19,"column":4},"end":{"line":19,"column":18}},"loc":{"start":{"line":19,"column":18},"end":{"line":63,"column":5}},"line":19},"2":{"name":"(anonymous_2)","decl":{"start":{"line":21,"column":57},"end":{"line":21,"column":61}},"loc":{"start":{"line":21,"column":72},"end":{"line":36,"column":9}},"line":21},"3":{"name":"(anonymous_3)","decl":{"start":{"line":65,"column":4},"end":{"line":65,"column":20}},"loc":{"start":{"line":65,"column":20},"end":{"line":69,"column":5}},"line":65},"4":{"name":"(anonymous_4)","decl":{"start":{"line":71,"column":4},"end":{"line":71,"column":null}},"loc":{"start":{"line":71,"column":4},"end":{"line":73,"column":null}},"line":71}},"branchMap":{"0":{"loc":{"start":{"line":22,"column":12},"end":{"line":35,"column":null}},"type":"if","locations":[{"start":{"line":22,"column":12},"end":{"line":35,"column":null}},{"start":{},"end":{}}],"line":22},"1":{"loc":{"start":{"line":32,"column":16},"end":{"line":34,"column":null}},"type":"if","locations":[{"start":{"line":32,"column":16},"end":{"line":34,"column":null}},{"start":{},"end":{}}],"line":32},"2":{"loc":{"start":{"line":32,"column":20},"end":{"line":32,"column":75}},"type":"binary-expr","locations":[{"start":{"line":32,"column":20},"end":{"line":32,"column":50}},{"start":{"line":32,"column":50},"end":{"line":32,"column":75}}],"line":32},"3":{"loc":{"start":{"line":66,"column":8},"end":{"line":68,"column":null}},"type":"if","locations":[{"start":{"line":66,"column":8},"end":{"line":68,"column":null}},{"start":{},"end":{}}],"line":66},"4":{"loc":{"start":{"line":73,"column":29},"end":{"line":73,"column":null}},"type":"cond-expr","locations":[{"start":{"line":73,"column":29},"end":{"line":73,"column":null}},{"start":{"line":73,"column":17},"end":{"line":73,"column":null}}],"line":73},"5":{"loc":{"start":{"line":78,"column":2},"end":{"line":78,"column":null}},"type":"if","locations":[{"start":{"line":78,"column":2},"end":{"line":78,"column":null}},{"start":{},"end":{}}],"line":78}},"s":{"0":2,"1":5,"2":5,"3":3,"4":3,"5":3,"6":3,"7":3,"8":3,"9":2,"10":5,"11":5,"12":5,"13":5,"14":5,"15":5,"16":5,"17":5,"18":5,"19":5,"20":2},"f":{"0":5,"1":5,"2":3,"3":5,"4":5},"b":{"0":[3,0],"1":[2,1],"2":[3,1],"3":[5,0],"4":[0,5],"5":[2,0]},"meta":{"lastBranch":6,"lastFunction":5,"lastStatement":21,"seen":{"s:15:29:78:2":0,"f:15:29:15:33":0,"s:19:4:63:Infinity":1,"f:19:4:19:18":1,"s:21:31:36:Infinity":2,"f:21:57:21:61":2,"b:22:12:35:Infinity:undefined:undefined:undefined:undefined":0,"s:22:12:35:Infinity":3,"s:23:33:23:Infinity":4,"s:26:16:26:Infinity":5,"s:29:29:29:Infinity":6,"s:30:42:30:Infinity":7,"b:32:16:34:Infinity:undefined:undefined:undefined:undefined":1,"s:32:16:34:Infinity":8,"b:32:20:32:50:32:50:32:75":2,"s:33:20:33:Infinity":9,"s:39:22:53:Infinity":10,"s:56:8:59:Infinity":11,"s:62:8:62:Infinity":12,"s:65:4:69:Infinity":13,"f:65:4:65:20":3,"b:66:8:68:Infinity:undefined:undefined:undefined:undefined":3,"s:66:8:68:Infinity":14,"s:67:12:67:Infinity":15,"s:71:4:73:Infinity":16,"f:71:4:71:Infinity":4,"s:71:4:71:Infinity":17,"s:73:17:73:29":18,"s:73:29:73:Infinity":19,"b:73:29:73:Infinity:73:17:73:Infinity":4,"b:78:2:78:Infinity:undefined:undefined:undefined:undefined":5,"s:78:2:78:Infinity":20},"fnNames":{}}}
,"/Users/thinhquoc/Desktop/Persional/second-brain/src/components/Editor/plugins/wysiwygPlugin.ts": {"path":"/Users/thinhquoc/Desktop/Persional/second-brain/src/components/Editor/plugins/wysiwygPlugin.ts","statementMap":{"0":{"start":{"line":9,"column":6},"end":{"line":33,"column":null}},"1":{"start":{"line":10,"column":18},"end":{"line":10,"column":null}},"2":{"start":{"line":11,"column":14},"end":{"line":11,"column":null}},"3":{"start":{"line":13,"column":2},"end":{"line":30,"column":null}},"4":{"start":{"line":13,"column":15},"end":{"line":13,"column":18}},"5":{"start":{"line":14,"column":17},"end":{"line":14,"column":null}},"6":{"start":{"line":15,"column":17},"end":{"line":15,"column":null}},"7":{"start":{"line":18,"column":4},"end":{"line":20,"column":null}},"8":{"start":{"line":19,"column":6},"end":{"line":19,"column":null}},"9":{"start":{"line":23,"column":22},"end":{"line":23,"column":null}},"10":{"start":{"line":25,"column":4},"end":{"line":29,"column":null}},"11":{"start":{"line":26,"column":20},"end":{"line":26,"column":null}},"12":{"start":{"line":27,"column":18},"end":{"line":27,"column":null}},"13":{"start":{"line":28,"column":6},"end":{"line":28,"column":null}},"14":{"start":{"line":32,"column":2},"end":{"line":32,"column":null}},"15":{"start":{"line":38,"column":29},"end":{"line":56,"column":null}},"16":{"start":{"line":43,"column":6},"end":{"line":43,"column":null}},"17":{"start":{"line":48,"column":6},"end":{"line":50,"column":null}},"18":{"start":{"line":49,"column":8},"end":{"line":49,"column":null}},"19":{"start":{"line":54,"column":24},"end":{"line":54,"column":null}}},"fnMap":{"0":{"name":"(anonymous_0)","decl":{"start":{"line":9,"column":6},"end":{"line":9,"column":26}},"loc":{"start":{"line":9,"column":70},"end":{"line":33,"column":null}},"line":9},"1":{"name":"constructor","decl":{"start":{"line":42,"column":4},"end":{"line":42,"column":16}},"loc":{"start":{"line":42,"column":42},"end":{"line":44,"column":null}},"line":42},"2":{"name":"update","decl":{"start":{"line":46,"column":4},"end":{"line":46,"column":11}},"loc":{"start":{"line":46,"column":31},"end":{"line":51,"column":null}},"line":46},"3":{"name":"(anonymous_3)","decl":{"start":{"line":54,"column":4},"end":{"line":54,"column":18}},"loc":{"start":{"line":54,"column":24},"end":{"line":54,"column":null}},"line":54}},"branchMap":{"0":{"loc":{"start":{"line":18,"column":4},"end":{"line":20,"column":null}},"type":"if","locations":[{"start":{"line":18,"column":4},"end":{"line":20,"column":null}},{"start":{},"end":{}}],"line":18},"1":{"loc":{"start":{"line":48,"column":6},"end":{"line":50,"column":null}},"type":"if","locations":[{"start":{"line":48,"column":6},"end":{"line":50,"column":null}},{"start":{},"end":{}}],"line":48},"2":{"loc":{"start":{"line":48,"column":10},"end":{"line":48,"column":55}},"type":"binary-expr","locations":[{"start":{"line":48,"column":10},"end":{"line":48,"column":31}},{"start":{"line":48,"column":31},"end":{"line":48,"column":55}}],"line":48}},"s":{"0":2,"1":8,"2":8,"3":8,"4":8,"5":11,"6":11,"7":11,"8":2,"9":11,"10":11,"11":1,"12":1,"13":1,"14":8,"15":2,"16":5,"17":3,"18":3,"19":8},"f":{"0":8,"1":5,"2":3,"3":8},"b":{"0":[2,9],"1":[3,0],"2":[3,0]},"meta":{"lastBranch":3,"lastFunction":4,"lastStatement":20,"seen":{"s:9:6:33:Infinity":0,"f:9:6:9:26":0,"s:10:18:10:Infinity":1,"s:11:14:11:Infinity":2,"s:13:2:30:Infinity":3,"s:13:15:13:18":4,"s:14:17:14:Infinity":5,"s:15:17:15:Infinity":6,"b:18:4:20:Infinity:undefined:undefined:undefined:undefined":0,"s:18:4:20:Infinity":7,"s:19:6:19:Infinity":8,"s:23:22:23:Infinity":9,"s:25:4:29:Infinity":10,"s:26:20:26:Infinity":11,"s:27:18:27:Infinity":12,"s:28:6:28:Infinity":13,"s:32:2:32:Infinity":14,"s:38:29:56:Infinity":15,"f:42:4:42:16":1,"s:43:6:43:Infinity":16,"f:46:4:46:11":2,"b:48:6:50:Infinity:undefined:undefined:undefined:undefined":1,"s:48:6:50:Infinity":17,"b:48:10:48:31:48:31:48:55":2,"s:49:8:49:Infinity":18,"f:54:4:54:18":3,"s:54:24:54:Infinity":19},"fnNames":{}}}
,"/Users/thinhquoc/Desktop/Persional/second-brain/src/storages/db.ts": {"path":"/Users/thinhquoc/Desktop/Persional/second-brain/src/storages/db.ts","statementMap":{"0":{"start":{"line":11,"column":11},"end":{"line":11,"column":null}},"1":{"start":{"line":16,"column":0},"end":{"line":18,"column":null}},"2":{"start":{"line":20,"column":28},"end":{"line":46,"column":null}},"3":{"start":{"line":25,"column":4},"end":{"line":29,"column":null}},"4":{"start":{"line":36,"column":19},"end":{"line":36,"column":null}},"5":{"start":{"line":37,"column":4},"end":{"line":37,"column":null}},"6":{"start":{"line":44,"column":4},"end":{"line":44,"column":null}}},"fnMap":{"0":{"name":"(anonymous_0)","decl":{"start":{"line":24,"column":14},"end":{"line":24,"column":21}},"loc":{"start":{"line":24,"column":74},"end":{"line":30,"column":null}},"line":24},"1":{"name":"(anonymous_1)","decl":{"start":{"line":35,"column":13},"end":{"line":35,"column":73}},"loc":{"start":{"line":35,"column":73},"end":{"line":38,"column":null}},"line":35},"2":{"name":"(anonymous_2)","decl":{"start":{"line":43,"column":14},"end":{"line":43,"column":41}},"loc":{"start":{"line":43,"column":41},"end":{"line":45,"column":null}},"line":43}},"branchMap":{},"s":{"0":2,"1":2,"2":2,"3":4,"4":1,"5":1,"6":7},"f":{"0":4,"1":1,"2":7},"b":{},"meta":{"lastBranch":0,"lastFunction":3,"lastStatement":7,"seen":{"s:11:11:11:Infinity":0,"s:16:0:18:Infinity":1,"s:20:28:46:Infinity":2,"f:24:14:24:21":0,"s:25:4:29:Infinity":3,"f:35:13:35:73":1,"s:36:19:36:Infinity":4,"s:37:4:37:Infinity":5,"f:43:14:43:41":2,"s:44:4:44:Infinity":6},"fnNames":{}}}
,"/Users/thinhquoc/Desktop/Persional/second-brain/src/storages/fs-wrapper.ts": {"path":"/Users/thinhquoc/Desktop/Persional/second-brain/src/storages/fs-wrapper.ts","statementMap":{"0":{"start":{"line":17,"column":4},"end":{"line":25,"column":null}},"1":{"start":{"line":18,"column":6},"end":{"line":24,"column":null}},"2":{"start":{"line":27,"column":4},"end":{"line":58,"column":null}},"3":{"start":{"line":29,"column":21},"end":{"line":29,"column":null}},"4":{"start":{"line":32,"column":6},"end":{"line":32,"column":null}},"5":{"start":{"line":34,"column":6},"end":{"line":37,"column":null}},"6":{"start":{"line":40,"column":6},"end":{"line":48,"column":null}},"7":{"start":{"line":41,"column":8},"end":{"line":47,"column":null}},"8":{"start":{"line":51,"column":6},"end":{"line":57,"column":null}},"9":{"start":{"line":65,"column":4},"end":{"line":65,"column":null}},"10":{"start":{"line":73,"column":4},"end":{"line":81,"column":null}},"11":{"start":{"line":74,"column":6},"end":{"line":80,"column":null}},"12":{"start":{"line":76,"column":8},"end":{"line":76,"column":null}},"13":{"start":{"line":77,"column":13},"end":{"line":80,"column":null}},"14":{"start":{"line":79,"column":8},"end":{"line":79,"column":null}}},"fnMap":{"0":{"name":"openVault","decl":{"start":{"line":15,"column":8},"end":{"line":15,"column":46}},"loc":{"start":{"line":15,"column":46},"end":{"line":59,"column":null}},"line":15},"1":{"name":"getCachedVaultHandle","decl":{"start":{"line":64,"column":8},"end":{"line":64,"column":79}},"loc":{"start":{"line":64,"column":79},"end":{"line":66,"column":null}},"line":64},"2":{"name":"scanMarkdownFiles","decl":{"start":{"line":72,"column":9},"end":{"line":72,"column":27}},"loc":{"start":{"line":72,"column":103},"end":{"line":82,"column":null}},"line":72}},"branchMap":{"0":{"loc":{"start":{"line":17,"column":4},"end":{"line":25,"column":null}},"type":"if","locations":[{"start":{"line":17,"column":4},"end":{"line":25,"column":null}},{"start":{},"end":{}}],"line":17},"1":{"loc":{"start":{"line":17,"column":8},"end":{"line":17,"column":77}},"type":"binary-expr","locations":[{"start":{"line":17,"column":8},"end":{"line":17,"column":41}},{"start":{"line":17,"column":41},"end":{"line":17,"column":77}}],"line":17},"2":{"loc":{"start":{"line":40,"column":6},"end":{"line":48,"column":null}},"type":"if","locations":[{"start":{"line":40,"column":6},"end":{"line":48,"column":null}},{"start":{},"end":{}}],"line":40},"3":{"loc":{"start":{"line":40,"column":10},"end":{"line":40,"column":89}},"type":"binary-expr","locations":[{"start":{"line":40,"column":10},"end":{"line":40,"column":42}},{"start":{"line":40,"column":42},"end":{"line":40,"column":71}},{"start":{"line":40,"column":71},"end":{"line":40,"column":89}}],"line":40},"4":{"loc":{"start":{"line":55,"column":19},"end":{"line":55,"column":null}},"type":"cond-expr","locations":[{"start":{"line":55,"column":42},"end":{"line":55,"column":56}},{"start":{"line":55,"column":56},"end":{"line":55,"column":null}}],"line":55},"5":{"loc":{"start":{"line":74,"column":6},"end":{"line":80,"column":null}},"type":"if","locations":[{"start":{"line":74,"column":6},"end":{"line":80,"column":null}},{"start":{"line":77,"column":13},"end":{"line":80,"column":null}}],"line":74},"6":{"loc":{"start":{"line":74,"column":10},"end":{"line":74,"column":63}},"type":"binary-expr","locations":[{"start":{"line":74,"column":10},"end":{"line":74,"column":35}},{"start":{"line":74,"column":35},"end":{"line":74,"column":63}}],"line":74},"7":{"loc":{"start":{"line":77,"column":13},"end":{"line":80,"column":null}},"type":"if","locations":[{"start":{"line":77,"column":13},"end":{"line":80,"column":null}},{"start":{},"end":{}}],"line":77}},"s":{"0":7,"1":1,"2":6,"3":6,"4":4,"5":4,"6":2,"7":1,"8":1,"9":1,"10":4,"11":5009,"12":5006,"13":3,"14":0},"f":{"0":7,"1":1,"2":4},"b":{"0":[1,6],"1":[7,7],"2":[1,1],"3":[2,1,0],"4":[1,0],"5":[5006,3],"6":[5009,5009],"7":[0,3]},"meta":{"lastBranch":8,"lastFunction":3,"lastStatement":15,"seen":{"f:15:8:15:46":0,"b:17:4:25:Infinity:undefined:undefined:undefined:undefined":0,"s:17:4:25:Infinity":0,"b:17:8:17:41:17:41:17:77":1,"s:18:6:24:Infinity":1,"s:27:4:58:Infinity":2,"s:29:21:29:Infinity":3,"s:32:6:32:Infinity":4,"s:34:6:37:Infinity":5,"b:40:6:48:Infinity:undefined:undefined:undefined:undefined":2,"s:40:6:48:Infinity":6,"b:40:10:40:42:40:42:40:71:40:71:40:89":3,"s:41:8:47:Infinity":7,"s:51:6:57:Infinity":8,"b:55:42:55:56:55:56:55:Infinity":4,"f:64:8:64:79":1,"s:65:4:65:Infinity":9,"f:72:9:72:27":2,"s:73:4:81:Infinity":10,"b:74:6:80:Infinity:77:13:80:Infinity":5,"s:74:6:80:Infinity":11,"b:74:10:74:35:74:35:74:63":6,"s:76:8:76:Infinity":12,"b:77:13:80:Infinity:undefined:undefined:undefined:undefined":7,"s:77:13:80:Infinity":13,"s:79:8:79:Infinity":14},"fnNames":{}}}
,"/Users/thinhquoc/Desktop/Persional/second-brain/src/workers/parser.ts": {"path":"/Users/thinhquoc/Desktop/Persional/second-brain/src/workers/parser.ts","statementMap":{"0":{"start":{"line":3,"column":13},"end":{"line":35,"column":null}},"1":{"start":{"line":5,"column":23},"end":{"line":5,"column":null}},"2":{"start":{"line":8,"column":21},"end":{"line":8,"column":null}},"3":{"start":{"line":9,"column":16},"end":{"line":9,"column":null}},"4":{"start":{"line":12,"column":19},"end":{"line":12,"column":null}},"5":{"start":{"line":13,"column":20},"end":{"line":13,"column":null}},"6":{"start":{"line":15,"column":2},"end":{"line":18,"column":null}},"7":{"start":{"line":16,"column":23},"end":{"line":16,"column":null}},"8":{"start":{"line":17,"column":4},"end":{"line":17,"column":null}},"9":{"start":{"line":21,"column":18},"end":{"line":21,"column":null}},"10":{"start":{"line":22,"column":19},"end":{"line":22,"column":null}},"11":{"start":{"line":24,"column":2},"end":{"line":26,"column":null}},"12":{"start":{"line":25,"column":4},"end":{"line":25,"column":null}},"13":{"start":{"line":28,"column":2},"end":{"line":34,"column":null}}},"fnMap":{"0":{"name":"(anonymous_0)","decl":{"start":{"line":3,"column":13},"end":{"line":3,"column":38}},"loc":{"start":{"line":3,"column":108},"end":{"line":35,"column":null}},"line":3}},"branchMap":{"0":{"loc":{"start":{"line":3,"column":73},"end":{"line":3,"column":108}},"type":"default-arg","locations":[{"start":{"line":3,"column":88},"end":{"line":3,"column":108}}],"line":3},"1":{"loc":{"start":{"line":9,"column":16},"end":{"line":9,"column":null}},"type":"cond-expr","locations":[{"start":{"line":9,"column":29},"end":{"line":9,"column":52}},{"start":{"line":9,"column":52},"end":{"line":9,"column":null}}],"line":9}},"s":{"0":2,"1":5004,"2":5004,"3":5004,"4":5004,"5":5004,"6":5004,"7":30004,"8":30004,"9":5004,"10":5004,"11":5004,"12":25003,"13":5004},"f":{"0":5004},"b":{"0":[5004],"1":[5003,1]},"meta":{"lastBranch":2,"lastFunction":1,"lastStatement":14,"seen":{"s:3:13:35:Infinity":0,"f:3:13:3:38":0,"b:3:88:3:108":0,"s:5:23:5:Infinity":1,"s:8:21:8:Infinity":2,"s:9:16:9:Infinity":3,"b:9:29:9:52:9:52:9:Infinity":1,"s:12:19:12:Infinity":4,"s:13:20:13:Infinity":5,"s:15:2:18:Infinity":6,"s:16:23:16:Infinity":7,"s:17:4:17:Infinity":8,"s:21:18:21:Infinity":9,"s:22:19:22:Infinity":10,"s:24:2:26:Infinity":11,"s:25:4:25:Infinity":12,"s:28:2:34:Infinity":13},"fnNames":{}}}
,"/Users/thinhquoc/Desktop/Persional/second-brain/src/workers/search.engine.ts": {"path":"/Users/thinhquoc/Desktop/Persional/second-brain/src/workers/search.engine.ts","statementMap":{"0":{"start":{"line":14,"column":33},"end":{"line":14,"column":null}},"1":{"start":{"line":15,"column":51},"end":{"line":15,"column":null}},"2":{"start":{"line":22,"column":4},"end":{"line":22,"column":null}},"3":{"start":{"line":23,"column":4},"end":{"line":23,"column":null}},"4":{"start":{"line":25,"column":4},"end":{"line":43,"column":null}},"5":{"start":{"line":27,"column":6},"end":{"line":32,"column":null}},"6":{"start":{"line":35,"column":6},"end":{"line":42,"column":null}},"7":{"start":{"line":36,"column":33},"end":{"line":36,"column":null}},"8":{"start":{"line":37,"column":8},"end":{"line":39,"column":null}},"9":{"start":{"line":38,"column":10},"end":{"line":38,"column":null}},"10":{"start":{"line":41,"column":8},"end":{"line":41,"column":null}},"11":{"start":{"line":51,"column":4},"end":{"line":51,"column":null}},"12":{"start":{"line":59,"column":4},"end":{"line":59,"column":null}},"13":{"start":{"line":59,"column":33},"end":{"line":59,"column":null}},"14":{"start":{"line":61,"column":23},"end":{"line":61,"column":null}},"15":{"start":{"line":64,"column":44},"end":{"line":64,"column":null}},"16":{"start":{"line":65,"column":45},"end":{"line":65,"column":null}},"17":{"start":{"line":66,"column":47},"end":{"line":66,"column":null}},"18":{"start":{"line":68,"column":4},"end":{"line":79,"column":null}},"19":{"start":{"line":70,"column":6},"end":{"line":70,"column":null}},"20":{"start":{"line":70,"column":65},"end":{"line":70,"column":null}},"21":{"start":{"line":72,"column":6},"end":{"line":78,"column":null}},"22":{"start":{"line":73,"column":8},"end":{"line":73,"column":null}},"23":{"start":{"line":74,"column":13},"end":{"line":78,"column":null}},"24":{"start":{"line":75,"column":8},"end":{"line":75,"column":null}},"25":{"start":{"line":76,"column":13},"end":{"line":78,"column":null}},"26":{"start":{"line":77,"column":8},"end":{"line":77,"column":null}},"27":{"start":{"line":82,"column":4},"end":{"line":82,"column":null}},"28":{"start":{"line":89,"column":29},"end":{"line":89,"column":null}},"29":{"start":{"line":90,"column":22},"end":{"line":90,"column":null}},"30":{"start":{"line":93,"column":4},"end":{"line":93,"column":null}}},"fnMap":{"0":{"name":"indexNotes","decl":{"start":{"line":21,"column":2},"end":{"line":21,"column":13}},"loc":{"start":{"line":21,"column":42},"end":{"line":44,"column":null}},"line":21},"1":{"name":"normalizeKey","decl":{"start":{"line":50,"column":2},"end":{"line":50,"column":10}},"loc":{"start":{"line":50,"column":44},"end":{"line":52,"column":null}},"line":50},"2":{"name":"searchSuggestions","decl":{"start":{"line":58,"column":2},"end":{"line":58,"column":20}},"loc":{"start":{"line":58,"column":75},"end":{"line":83,"column":null}},"line":58},"3":{"name":"getBacklinks","decl":{"start":{"line":88,"column":2},"end":{"line":88,"column":15}},"loc":{"start":{"line":88,"column":50},"end":{"line":94,"column":null}},"line":88}},"branchMap":{"0":{"loc":{"start":{"line":37,"column":8},"end":{"line":39,"column":null}},"type":"if","locations":[{"start":{"line":37,"column":8},"end":{"line":39,"column":null}},{"start":{},"end":{}}],"line":37},"1":{"loc":{"start":{"line":58,"column":35},"end":{"line":58,"column":75}},"type":"default-arg","locations":[{"start":{"line":58,"column":51},"end":{"line":58,"column":75}}],"line":58},"2":{"loc":{"start":{"line":59,"column":4},"end":{"line":59,"column":null}},"type":"if","locations":[{"start":{"line":59,"column":4},"end":{"line":59,"column":null}},{"start":{},"end":{}}],"line":59},"3":{"loc":{"start":{"line":59,"column":8},"end":{"line":59,"column":33}},"type":"binary-expr","locations":[{"start":{"line":59,"column":8},"end":{"line":59,"column":18}},{"start":{"line":59,"column":18},"end":{"line":59,"column":33}}],"line":59},"4":{"loc":{"start":{"line":70,"column":6},"end":{"line":70,"column":null}},"type":"if","locations":[{"start":{"line":70,"column":6},"end":{"line":70,"column":null}},{"start":{},"end":{}}],"line":70},"5":{"loc":{"start":{"line":72,"column":6},"end":{"line":78,"column":null}},"type":"if","locations":[{"start":{"line":72,"column":6},"end":{"line":78,"column":null}},{"start":{"line":74,"column":13},"end":{"line":78,"column":null}}],"line":72},"6":{"loc":{"start":{"line":72,"column":10},"end":{"line":72,"column":112}},"type":"binary-expr","locations":[{"start":{"line":72,"column":10},"end":{"line":72,"column":44}},{"start":{"line":72,"column":44},"end":{"line":72,"column":75}},{"start":{"line":72,"column":75},"end":{"line":72,"column":112}}],"line":72},"7":{"loc":{"start":{"line":74,"column":13},"end":{"line":78,"column":null}},"type":"if","locations":[{"start":{"line":74,"column":13},"end":{"line":78,"column":null}},{"start":{"line":76,"column":13},"end":{"line":78,"column":null}}],"line":74},"8":{"loc":{"start":{"line":74,"column":17},"end":{"line":74,"column":96}},"type":"binary-expr","locations":[{"start":{"line":74,"column":17},"end":{"line":74,"column":59}},{"start":{"line":74,"column":59},"end":{"line":74,"column":96}}],"line":74},"9":{"loc":{"start":{"line":76,"column":13},"end":{"line":78,"column":null}},"type":"if","locations":[{"start":{"line":76,"column":13},"end":{"line":78,"column":null}},{"start":{},"end":{}}],"line":76},"10":{"loc":{"start":{"line":76,"column":17},"end":{"line":76,"column":92}},"type":"binary-expr","locations":[{"start":{"line":76,"column":17},"end":{"line":76,"column":57}},{"start":{"line":76,"column":57},"end":{"line":76,"column":92}}],"line":76},"11":{"loc":{"start":{"line":93,"column":11},"end":{"line":93,"column":null}},"type":"cond-expr","locations":[{"start":{"line":93,"column":23},"end":{"line":93,"column":47}},{"start":{"line":93,"column":47},"end":{"line":93,"column":null}}],"line":93}},"s":{"0":7,"1":7,"2":7,"3":7,"4":7,"5":5022,"6":5022,"7":5022,"8":5022,"9":5012,"10":5022,"11":5025,"12":4,"13":0,"14":4,"15":4,"16":4,"17":4,"18":4,"19":5011,"20":0,"21":5011,"22":1,"23":5010,"24":12,"25":4998,"26":1,"27":4,"28":3,"29":3,"30":3},"f":{"0":7,"1":5025,"2":4,"3":3},"b":{"0":[5012,10],"1":[4],"2":[0,4],"3":[4,4],"4":[0,5011],"5":[1,5010],"6":[5011,5010,5010],"7":[12,4998],"8":[5010,4998],"9":[1,4997],"10":[4998,4997],"11":[3,0]},"meta":{"lastBranch":12,"lastFunction":4,"lastStatement":31,"seen":{"s:14:33:14:Infinity":0,"s:15:51:15:Infinity":1,"f:21:2:21:13":0,"s:22:4:22:Infinity":2,"s:23:4:23:Infinity":3,"s:25:4:43:Infinity":4,"s:27:6:32:Infinity":5,"s:35:6:42:Infinity":6,"s:36:33:36:Infinity":7,"b:37:8:39:Infinity:undefined:undefined:undefined:undefined":0,"s:37:8:39:Infinity":8,"s:38:10:38:Infinity":9,"s:41:8:41:Infinity":10,"f:50:2:50:10":1,"s:51:4:51:Infinity":11,"f:58:2:58:20":2,"b:58:51:58:75":1,"b:59:4:59:Infinity:undefined:undefined:undefined:undefined":2,"s:59:4:59:Infinity":12,"b:59:8:59:18:59:18:59:33":3,"s:59:33:59:Infinity":13,"s:61:23:61:Infinity":14,"s:64:44:64:Infinity":15,"s:65:45:65:Infinity":16,"s:66:47:66:Infinity":17,"s:68:4:79:Infinity":18,"b:70:6:70:Infinity:undefined:undefined:undefined:undefined":4,"s:70:6:70:Infinity":19,"s:70:65:70:Infinity":20,"b:72:6:78:Infinity:74:13:78:Infinity":5,"s:72:6:78:Infinity":21,"b:72:10:72:44:72:44:72:75:72:75:72:112":6,"s:73:8:73:Infinity":22,"b:74:13:78:Infinity:76:13:78:Infinity":7,"s:74:13:78:Infinity":23,"b:74:17:74:59:74:59:74:96":8,"s:75:8:75:Infinity":24,"b:76:13:78:Infinity:undefined:undefined:undefined:undefined":9,"s:76:13:78:Infinity":25,"b:76:17:76:57:76:57:76:92":10,"s:77:8:77:Infinity":26,"s:82:4:82:Infinity":27,"f:88:2:88:15":3,"s:89:29:89:Infinity":28,"s:90:22:90:Infinity":29,"s:93:4:93:Infinity":30,"b:93:23:93:47:93:47:93:Infinity":11},"fnNames":{}}}
,"/Users/thinhquoc/Desktop/Persional/second-brain/src/workers/search.types.ts": {"path":"/Users/thinhquoc/Desktop/Persional/second-brain/src/workers/search.types.ts","statementMap":{},"fnMap":{},"branchMap":{},"s":{},"f":{},"b":{},"meta":{"lastBranch":0,"lastFunction":0,"lastStatement":0,"seen":{},"fnNames":{}}}
,"/Users/thinhquoc/Desktop/Persional/second-brain/src/workers/types.ts": {"path":"/Users/thinhquoc/Desktop/Persional/second-brain/src/workers/types.ts","statementMap":{},"fnMap":{},"branchMap":{},"s":{},"f":{},"b":{},"meta":{"lastBranch":0,"lastFunction":0,"lastStatement":0,"seen":{},"fnNames":{}}}
}
